# JRE version: Java(TM) SE Runtime Environment (22.0+36) (build 22+36-2370)
# Java VM: Java HotSpot(TM) 64-Bit Server VM (22+36-2370, mixed mode, sharing, tiered, compressed oops, compressed class ptrs, g1 gc, windows-amd64)
GC Precious Log:
 CardTable entry size: 512
 Card Set container configuration: InlinePtr #cards 5 size 8 Array Of Cards #cards 12 size 40 Howl #buckets 4 coarsen threshold 1843 Howl Bitmap #cards 512 size 80 coarsen threshold 460 Card regions per heap region 1 cards per card region 2048
 CPUs: 4 total, 4 available
 Memory: 6107M
 Large Page Support: Disabled
 NUMA Support: Disabled
 Compressed Oops: Enabled (32-bit)
 Heap Region Size: 1M
 Heap Min Capacity: 8M
 Heap Initial Capacity: 96M
 Heap Max Capacity: 1528M
 Pre-touch: Disabled
 Parallel Workers: 4
 Concurrent Workers: 1
 Concurrent Refinement Workers: 4
 Periodic GC: Disabled
Heap:
 garbage-first heap   total reserved 1564672K, committed 131072K, used 53938K [0x00000000a0800000, 0x0000000100000000)
  region size 1024K, 38 young (38912K), 1 survivors (1024K)
 Metaspace       used 15328K, committed 15616K, reserved 1114112K
  class space    used 1634K, committed 1792K, reserved 1048576K
GC Heap History (20 events):
Event: 221.495 GC heap before
{Heap before GC invocations=17 (full 0):
 garbage-first heap   total reserved 1564672K, committed 131072K, used 120558K [0x00000000a0800000, 0x0000000100000000)
  region size 1024K, 74 young (75776K), 3 survivors (3072K)
 Metaspace       used 15301K, committed 15616K, reserved 1114112K
  class space    used 1634K, committed 1792K, reserved 1048576K
}
Event: 221.497 GC heap after
{Heap after GC invocations=18 (full 0):
 garbage-first heap   total reserved 1564672K, committed 131072K, used 17134K [0x00000000a0800000, 0x0000000100000000)
  region size 1024K, 3 young (3072K), 3 survivors (3072K)
 Metaspace       used 15301K, committed 15616K, reserved 1114112K
  class space    used 1634K, committed 1792K, reserved 1048576K
}
Event: 241.019 GC heap before
{Heap before GC invocations=18 (full 0):
 garbage-first heap   total reserved 1564672K, committed 131072K, used 91886K [0x00000000a0800000, 0x0000000100000000)
  region size 1024K, 76 young (77824K), 3 survivors (3072K)
 Metaspace       used 15306K, committed 15616K, reserved 1114112K
  class space    used 1634K, committed 1792K, reserved 1048576K
}
Event: 241.021 GC heap after
{Heap after GC invocations=19 (full 0):
 garbage-first heap   total reserved 1564672K, committed 131072K, used 17148K [0x00000000a0800000, 0x0000000100000000)
  region size 1024K, 3 young (3072K), 3 survivors (3072K)
 Metaspace       used 15306K, committed 15616K, reserved 1114112K
  class space    used 1634K, committed 1792K, reserved 1048576K
}
Event: 260.967 GC heap before
{Heap before GC invocations=19 (full 0):
 garbage-first heap   total reserved 1564672K, committed 131072K, used 122620K [0x00000000a0800000, 0x0000000100000000)
  region size 1024K, 76 young (77824K), 3 survivors (3072K)
 Metaspace       used 15327K, committed 15616K, reserved 1114112K
  class space    used 1634K, committed 1792K, reserved 1048576K
}
Event: 260.969 GC heap after
{Heap after GC invocations=20 (full 0):
 garbage-first heap   total reserved 1564672K, committed 131072K, used 16766K [0x00000000a0800000, 0x0000000100000000)
  region size 1024K, 3 young (3072K), 3 survivors (3072K)
 Metaspace       used 15327K, committed 15616K, reserved 1114112K
  class space    used 1634K, committed 1792K, reserved 1048576K
}
Event: 280.507 GC heap before
{Heap before GC invocations=20 (full 0):
 garbage-first heap   total reserved 1564672K, committed 131072K, used 91518K [0x00000000a0800000, 0x0000000100000000)
  region size 1024K, 76 young (77824K), 3 survivors (3072K)
 Metaspace       used 15328K, committed 15616K, reserved 1114112K
  class space    used 1634K, committed 1792K, reserved 1048576K
}
Event: 280.509 GC heap after
{Heap after GC invocations=21 (full 0):
 garbage-first heap   total reserved 1564672K, committed 131072K, used 17191K [0x00000000a0800000, 0x0000000100000000)
  region size 1024K, 2 young (2048K), 2 survivors (2048K)
 Metaspace       used 15328K, committed 15616K, reserved 1114112K
  class space    used 1634K, committed 1792K, reserved 1048576K
}
Event: 300.439 GC heap before
{Heap before GC invocations=21 (full 0):
 garbage-first heap   total reserved 1564672K, committed 131072K, used 92967K [0x00000000a0800000, 0x0000000100000000)
  region size 1024K, 76 young (77824K), 2 survivors (2048K)
 Metaspace       used 15328K, committed 15616K, reserved 1114112K
  class space    used 1634K, committed 1792K, reserved 1048576K
}
Event: 300.441 GC heap after
{Heap after GC invocations=22 (full 0):
 garbage-first heap   total reserved 1564672K, committed 131072K, used 17008K [0x00000000a0800000, 0x0000000100000000)
  region size 1024K, 1 young (1024K), 1 survivors (1024K)
 Metaspace       used 15328K, committed 15616K, reserved 1114112K
  class space    used 1634K, committed 1792K, reserved 1048576K
}
Event: 320.379 GC heap before
{Heap before GC invocations=22 (full 0):
 garbage-first heap   total reserved 1564672K, committed 131072K, used 93808K [0x00000000a0800000, 0x0000000100000000)
  region size 1024K, 76 young (77824K), 1 survivors (1024K)
 Metaspace       used 15328K, committed 15616K, reserved 1114112K
  class space    used 1634K, committed 1792K, reserved 1048576K
}
Event: 320.380 GC heap after
{Heap after GC invocations=23 (full 0):
 garbage-first heap   total reserved 1564672K, committed 131072K, used 17051K [0x00000000a0800000, 0x0000000100000000)
  region size 1024K, 1 young (1024K), 1 survivors (1024K)
 Metaspace       used 15328K, committed 15616K, reserved 1114112K
  class space    used 1634K, committed 1792K, reserved 1048576K
}
Event: 340.592 GC heap before
{Heap before GC invocations=23 (full 0):
 garbage-first heap   total reserved 1564672K, committed 131072K, used 93851K [0x00000000a0800000, 0x0000000100000000)
  region size 1024K, 76 young (77824K), 1 survivors (1024K)
 Metaspace       used 15328K, committed 15616K, reserved 1114112K
  class space    used 1634K, committed 1792K, reserved 1048576K
}
Event: 340.593 GC heap after
{Heap after GC invocations=24 (full 0):
 garbage-first heap   total reserved 1564672K, committed 131072K, used 17065K [0x00000000a0800000, 0x0000000100000000)
  region size 1024K, 1 young (1024K), 1 survivors (1024K)
 Metaspace       used 15328K, committed 15616K, reserved 1114112K
  class space    used 1634K, committed 1792K, reserved 1048576K
}
Event: 360.724 GC heap before
{Heap before GC invocations=24 (full 0):
 garbage-first heap   total reserved 1564672K, committed 131072K, used 93865K [0x00000000a0800000, 0x0000000100000000)
  region size 1024K, 76 young (77824K), 1 survivors (1024K)
 Metaspace       used 15328K, committed 15616K, reserved 1114112K
  class space    used 1634K, committed 1792K, reserved 1048576K
}
Event: 360.725 GC heap after
{Heap after GC invocations=25 (full 0):
 garbage-first heap   total reserved 1564672K, committed 131072K, used 17065K [0x00000000a0800000, 0x0000000100000000)
  region size 1024K, 1 young (1024K), 1 survivors (1024K)
 Metaspace       used 15328K, committed 15616K, reserved 1114112K
  class space    used 1634K, committed 1792K, reserved 1048576K
}
Event: 380.775 GC heap before
{Heap before GC invocations=25 (full 0):
 garbage-first heap   total reserved 1564672K, committed 131072K, used 93865K [0x00000000a0800000, 0x0000000100000000)
  region size 1024K, 76 young (77824K), 1 survivors (1024K)
 Metaspace       used 15328K, committed 15616K, reserved 1114112K
  class space    used 1634K, committed 1792K, reserved 1048576K
}
Event: 380.776 GC heap after
{Heap after GC invocations=26 (full 0):
 garbage-first heap   total reserved 1564672K, committed 131072K, used 17073K [0x00000000a0800000, 0x0000000100000000)
  region size 1024K, 1 young (1024K), 1 survivors (1024K)
 Metaspace       used 15328K, committed 15616K, reserved 1114112K
  class space    used 1634K, committed 1792K, reserved 1048576K
}
Event: 401.013 GC heap before
{Heap before GC invocations=26 (full 0):
 garbage-first heap   total reserved 1564672K, committed 131072K, used 93873K [0x00000000a0800000, 0x0000000100000000)
  region size 1024K, 76 young (77824K), 1 survivors (1024K)
 Metaspace       used 15328K, committed 15616K, reserved 1114112K
  class space    used 1634K, committed 1792K, reserved 1048576K
}
Event: 401.014 GC heap after
{Heap after GC invocations=27 (full 0):
 garbage-first heap   total reserved 1564672K, committed 131072K, used 17074K [0x00000000a0800000, 0x0000000100000000)
  region size 1024K, 1 young (1024K), 1 survivors (1024K)
 Metaspace       used 15328K, committed 15616K, reserved 1114112K
  class space    used 1634K, committed 1792K, reserved 1048576K
}

